<?xml version="1.0" encoding="UTF-8"?>
<!-- Generated by org.testng.reporters.JUnitReportReporter -->
<testsuite hostname="R3NRCX06F77113E" failures="0" tests="1" name="com.sarathproj.login.Tc02" time="8.312" errors="0" timestamp="2024-08-03T14:49:33 IST" skipped="0">
  <testcase classname="com.sarathproj.login.Tc02" name="tc02" time="8.312"/>
  <system-out/>
</testsuite> <!-- com.sarathproj.login.Tc02 -->
