<?xml version="1.0" encoding="UTF-8"?>
<!-- Generated by org.testng.reporters.JUnitReportReporter -->
<testsuite hostname="Mano" failures="0" tests="1" name="com.sarathproj.login.TC01" time="11.903" errors="0" timestamp="2024-08-03T20:28:52 IST" skipped="0">
  <testcase classname="com.sarathproj.login.TC01" name="tc01" time="11.903"/>
  <system-out/>
</testsuite> <!-- com.sarathproj.login.TC01 -->
